#
# There is insufficient memory for the Java Runtime Environment to continue.
# Native memory allocation (malloc) failed to allocate 32744 bytes for ChunkPool::allocate
# Possible reasons:
#   The system is out of physical RAM or swap space
#   In 32 bit mode, the process size limit was hit
# Possible solutions:
#   Reduce memory load on the system
#   Increase physical memory or swap space
#   Check if swap backing store is full
#   Use 64 bit Java on a 64 bit OS
#   Decrease Java heap size (-Xmx/-Xms)
#   Decrease number of Java threads
#   Decrease Java thread stack sizes (-Xss)
#   Set larger code cache with -XX:ReservedCodeCacheSize=
# This output file may be truncated or incomplete.
#
#  Out of Memory Error (allocation.cpp:222), pid=8720, tid=3820
#
# JRE version: 7.0_17-b02
# Java VM: Java HotSpot(TM) 64-Bit Server VM (23.7-b01 mixed mode windows-amd64 compressed oops)
# Failed to write core dump. Minidumps are not enabled by default on client versions of Windows
#

---------------  T H R E A D  ---------------

Current thread (0x0000000001dad800):  JavaThread "main" [_thread_in_vm, id=3820, stack(0x0000000001db0000,0x0000000001eb0000)]

Stack: [0x0000000001db0000,0x0000000001eb0000]
Java frames: (J=compiled Java code, j=interpreted, Vv=VM code)
j  Data.DataArray.<init>(IIII[Ljava/lang/String;)V+10
j  Data.DataHolder.<init>()V+56
j  Main.runner.main([Ljava/lang/String;)V+17
v  ~StubRoutines::call_stub

---------------  P R O C E S S  ---------------

Java Threads: ( => current thread )
  0x0000000009724800 JavaThread "AWT-Windows" daemon [_thread_in_native, id=7328, stack(0x0000000009d00000,0x0000000009e00000)]
  0x0000000009723800 JavaThread "AWT-Shutdown" [_thread_blocked, id=4044, stack(0x0000000009c00000,0x0000000009d00000)]
  0x0000000009723000 JavaThread "Java2D Disposer" daemon [_thread_blocked, id=3876, stack(0x0000000009b00000,0x0000000009c00000)]
  0x0000000007c82000 JavaThread "Service Thread" daemon [_thread_blocked, id=2792, stack(0x0000000009420000,0x0000000009520000)]
  0x0000000007c70800 JavaThread "C2 CompilerThread1" daemon [_thread_blocked, id=3988, stack(0x0000000009320000,0x0000000009420000)]
  0x0000000007c6f000 JavaThread "C2 CompilerThread0" daemon [_thread_blocked, id=1032, stack(0x0000000009220000,0x0000000009320000)]
  0x0000000007c6e000 JavaThread "Attach Listener" daemon [_thread_blocked, id=2648, stack(0x0000000009120000,0x0000000009220000)]
  0x0000000007c6b000 JavaThread "Signal Dispatcher" daemon [_thread_blocked, id=4428, stack(0x0000000009020000,0x0000000009120000)]
  0x0000000007c06800 JavaThread "Finalizer" daemon [_thread_blocked, id=2420, stack(0x0000000008f20000,0x0000000009020000)]
  0x0000000007bfd800 JavaThread "Reference Handler" daemon [_thread_blocked, id=2808, stack(0x0000000008e20000,0x0000000008f20000)]
=>0x0000000001dad800 JavaThread "main" [_thread_in_vm, id=3820, stack(0x0000000001db0000,0x0000000001eb0000)]

Other Threads:
  0x0000000007bf4800 VMThread [stack: 0x0000000008d20000,0x0000000008e20000] [id=7432]
  0x0000000007c93000 WatcherThread [stack: 0x0000000009520000,0x0000000009620000] [id=3924]

VM state:not at safepoint (normal execution)

VM Mutex/Monitor currently owned by a thread: None

Heap
 PSYoungGen      total 51200K, used 30484K [0x00000000ee400000, 0x00000000f8460000, 0x0000000100000000)
  eden space 48960K, 62% used [0x00000000ee400000,0x00000000f01c5040,0x00000000f13d0000)
  from space 2240K, 0% used [0x00000000f13d0000,0x00000000f13d0000,0x00000000f1600000)
  to   space 48064K, 0% used [0x00000000f5570000,0x00000000f5570000,0x00000000f8460000)
 ParOldGen       total 142528K, used 125085K [0x00000000cac00000, 0x00000000d3730000, 0x00000000ee400000)
  object space 142528K, 87% used [0x00000000cac00000,0x00000000d26274f8,0x00000000d3730000)
 PSPermGen       total 21248K, used 5191K [0x00000000c5a00000, 0x00000000c6ec0000, 0x00000000cac00000)
  object space 21248K, 24% used [0x00000000c5a00000,0x00000000c5f11d00,0x00000000c6ec0000)

Card table byte_map: [0x0000000004fb0000,0x0000000005190000] byte_map_base: 0x0000000004983000

Polling page: 0x0000000000490000

Code Cache  [0x0000000001fb0000, 0x0000000002220000, 0x0000000004fb0000)
 total_blobs=274 nmethods=1 adapters=225 free_code_cache=48720Kb largest_free_block=49883456

Compilation events (2 events):
Event: 0.093 Thread 0x0000000007c6f000    1             java.lang.String::hashCode (55 bytes)
Event: 0.099 Thread 0x0000000007c6f000 nmethod 1 0x000000000201a210 code [0x000000000201a340, 0x000000000201a4b8]

GC Heap History (10 events):
Event: 0.216 GC heap before
{Heap before GC invocations=5 (full 2):
 PSYoungGen      total 29632K, used 2240K [0x00000000ee400000, 0x00000000f1830000, 0x0000000100000000)
  eden space 27392K, 0% used [0x00000000ee400000,0x00000000ee400000,0x00000000efec0000)
  from space 2240K, 100% used [0x00000000efec0000,0x00000000f00f0000,0x00000000f00f0000)
  to   space 2240K, 0% used [0x00000000f1600000,0x00000000f1600000,0x00000000f1830000)
 ParOldGen       total 57152K, used 52415K [0x00000000cac00000, 0x00000000ce3d0000, 0x00000000ee400000)
  object space 57152K, 91% used [0x00000000cac00000,0x00000000cdf2ff18,0x00000000ce3d0000)
 PSPermGen       total 21248K, used 5191K [0x00000000c5a00000, 0x00000000c6ec0000, 0x00000000cac00000)
  object space 21248K, 24% used [0x00000000c5a00000,0x00000000c5f11d00,0x00000000c6ec0000)
Event: 0.241 GC heap after
Heap after GC invocations=5 (full 2):
 PSYoungGen      total 29632K, used 0K [0x00000000ee400000, 0x00000000f1830000, 0x0000000100000000)
  eden space 27392K, 0% used [0x00000000ee400000,0x00000000ee400000,0x00000000efec0000)
  from space 2240K, 0% used [0x00000000efec0000,0x00000000efec0000,0x00000000f00f0000)
  to   space 2240K, 0% used [0x00000000f1600000,0x00000000f1600000,0x00000000f1830000)
 ParOldGen       total 103936K, used 53698K [0x00000000cac00000, 0x00000000d1180000, 0x00000000ee400000)
  object space 103936K, 51% used [0x00000000cac00000,0x00000000ce0708b8,0x00000000d1180000)
 PSPermGen       total 21248K, used 5191K [0x00000000c5a00000, 0x00000000c6ec0000, 0x00000000cac00000)
  object space 21248K, 24% used [0x00000000c5a00000,0x00000000c5f11d00,0x00000000c6ec0000)
}
Event: 0.247 GC heap before
{Heap before GC invocations=6 (full 2):
 PSYoungGen      total 29632K, used 27392K [0x00000000ee400000, 0x00000000f1830000, 0x0000000100000000)
  eden space 27392K, 100% used [0x00000000ee400000,0x00000000efec0000,0x00000000efec0000)
  from space 2240K, 0% used [0x00000000efec0000,0x00000000efec0000,0x00000000f00f0000)
  to   space 2240K, 0% used [0x00000000f1600000,0x00000000f1600000,0x00000000f1830000)
 ParOldGen       total 103936K, used 53698K [0x00000000cac00000, 0x00000000d1180000, 0x00000000ee400000)
  object space 103936K, 51% used [0x00000000cac00000,0x00000000ce0708b8,0x00000000d1180000)
 PSPermGen       total 21248K, used 5191K [0x00000000c5a00000, 0x00000000c6ec0000, 0x00000000cac00000)
  object space 21248K, 24% used [0x00000000c5a00000,0x00000000c5f11d00,0x00000000c6ec0000)
Event: 0.268 GC heap after
Heap after GC invocations=6 (full 2):
 PSYoungGen      total 46272K, used 2240K [0x00000000ee400000, 0x00000000f1830000, 0x0000000100000000)
  eden space 44032K, 0% used [0x00000000ee400000,0x00000000ee400000,0x00000000f0f00000)
  from space 2240K, 100% used [0x00000000f1600000,0x00000000f1830000,0x00000000f1830000)
  to   space 2240K, 0% used [0x00000000f13d0000,0x00000000f13d0000,0x00000000f1600000)
 ParOldGen       total 103936K, used 79794K [0x00000000cac00000, 0x00000000d1180000, 0x00000000ee400000)
  object space 103936K, 76% used [0x00000000cac00000,0x00000000cf9ec8b8,0x00000000d1180000)
 PSPermGen       total 21248K, used 5191K [0x00000000c5a00000, 0x00000000c6ec0000, 0x00000000cac00000)
  object space 21248K, 24% used [0x00000000c5a00000,0x00000000c5f11d00,0x00000000c6ec0000)
}
Event: 0.268 GC heap before
{Heap before GC invocations=7 (full 3):
 PSYoungGen      total 46272K, used 2240K [0x00000000ee400000, 0x00000000f1830000, 0x0000000100000000)
  eden space 44032K, 0% used [0x00000000ee400000,0x00000000ee400000,0x00000000f0f00000)
  from space 2240K, 100% used [0x00000000f1600000,0x00000000f1830000,0x00000000f1830000)
  to   space 2240K, 0% used [0x00000000f13d0000,0x00000000f13d0000,0x00000000f1600000)
 ParOldGen       total 103936K, used 79794K [0x00000000cac00000, 0x00000000d1180000, 0x00000000ee400000)
  object space 103936K, 76% used [0x00000000cac00000,0x00000000cf9ec8b8,0x00000000d1180000)
 PSPermGen       total 21248K, used 5191K [0x00000000c5a00000, 0x00000000c6ec0000, 0x00000000cac00000)
  object space 21248K, 24% used [0x00000000c5a00000,0x00000000c5f11d00,0x00000000c6ec0000)
Event: 0.298 GC heap after
Heap after GC invocations=7 (full 3):
 PSYoungGen      total 46272K, used 0K [0x00000000ee400000, 0x00000000f1830000, 0x0000000100000000)
  eden space 44032K, 0% used [0x00000000ee400000,0x00000000ee400000,0x00000000f0f00000)
  from space 2240K, 0% used [0x00000000f1600000,0x00000000f1600000,0x00000000f1830000)
  to   space 2240K, 0% used [0x00000000f13d0000,0x00000000f13d0000,0x00000000f1600000)
 ParOldGen       total 142528K, used 81071K [0x00000000cac00000, 0x00000000d3730000, 0x00000000ee400000)
  object space 142528K, 56% used [0x00000000cac00000,0x00000000cfb2bd38,0x00000000d3730000)
 PSPermGen       total 21248K, used 5191K [0x00000000c5a00000, 0x00000000c6ec0000, 0x00000000cac00000)
  object space 21248K, 24% used [0x00000000c5a00000,0x00000000c5f11d00,0x00000000c6ec0000)
}
Event: 0.312 GC heap before
{Heap before GC invocations=8 (full 3):
 PSYoungGen      total 46272K, used 44032K [0x00000000ee400000, 0x00000000f1830000, 0x0000000100000000)
  eden space 44032K, 100% used [0x00000000ee400000,0x00000000f0f00000,0x00000000f0f00000)
  from space 2240K, 0% used [0x00000000f1600000,0x00000000f1600000,0x00000000f1830000)
  to   space 2240K, 0% used [0x00000000f13d0000,0x00000000f13d0000,0x00000000f1600000)
 ParOldGen       total 142528K, used 81071K [0x00000000cac00000, 0x00000000d3730000, 0x00000000ee400000)
  object space 142528K, 56% used [0x00000000cac00000,0x00000000cfb2bd38,0x00000000d3730000)
 PSPermGen       total 21248K, used 5191K [0x00000000c5a00000, 0x00000000c6ec0000, 0x00000000cac00000)
  object space 21248K, 24% used [0x00000000c5a00000,0x00000000c5f11d00,0x00000000c6ec0000)
Event: 0.345 GC heap after
Heap after GC invocations=8 (full 3):
 PSYoungGen      total 51200K, used 2240K [0x00000000ee400000, 0x00000000f8460000, 0x0000000100000000)
  eden space 48960K, 0% used [0x00000000ee400000,0x00000000ee400000,0x00000000f13d0000)
  from space 2240K, 100% used [0x00000000f13d0000,0x00000000f1600000,0x00000000f1600000)
  to   space 48064K, 0% used [0x00000000f5570000,0x00000000f5570000,0x00000000f8460000)
 ParOldGen       total 142528K, used 124407K [0x00000000cac00000, 0x00000000d3730000, 0x00000000ee400000)
  object space 142528K, 87% used [0x00000000cac00000,0x00000000d257dd38,0x00000000d3730000)
 PSPermGen       total 21248K, used 5191K [0x00000000c5a00000, 0x00000000c6ec0000, 0x00000000cac00000)
  object space 21248K, 24% used [0x00000000c5a00000,0x00000000c5f11d00,0x00000000c6ec0000)
}
Event: 0.346 GC heap before
{Heap before GC invocations=9 (full 4):
 PSYoungGen      total 51200K, used 2240K [0x00000000ee400000, 0x00000000f8460000, 0x0000000100000000)
  eden space 48960K, 0% used [0x00000000ee400000,0x00000000ee400000,0x00000000f13d0000)
  from space 2240K, 100% used [0x00000000f13d0000,0x00000000f1600000,0x00000000f1600000)
  to   space 48064K, 0% used [0x00000000f5570000,0x00000000f5570000,0x00000000f8460000)
 ParOldGen       total 142528K, used 124407K [0x00000000cac00000, 0x00000000d3730000, 0x00000000ee400000)
  object space 142528K, 87% used [0x00000000cac00000,0x00000000d257dd38,0x00000000d3730000)
 PSPermGen       total 21248K, used 5191K [0x00000000c5a00000, 0x00000000c6ec0000, 0x00000000cac00000)
  object space 21248K, 24% used [0x00000000c5a00000,0x00000000c5f11d00,0x00000000c6ec0000)
Event: 0.398 GC heap after
Heap after GC invocations=9 (full 4):
 PSYoungGen      total 51200K, used 0K [0x00000000ee400000, 0x00000000f8460000, 0x0000000100000000)
  eden space 48960K, 0% used [0x00000000ee400000,0x00000000ee400000,0x00000000f13d0000)
  from space 2240K, 0% used [0x00000000f13d0000,0x00000000f13d0000,0x00000000f1600000)
  to   space 48064K, 0% used [0x00000000f5570000,0x00000000f5570000,0x00000000f8460000)
 ParOldGen       total 142528K, used 125085K [0x00000000cac00000, 0x00000000d3730000, 0x00000000ee400000)
  object space 142528K, 87% used [0x00000000cac00000,0x00000000d26274f8,0x00000000d3730000)
 PSPermGen       total 21248K, used 5191K [0x00000000c5a00000, 0x00000000c6ec0000, 0x00000000cac00000)
  object space 21248K, 24% used [0x00000000c5a00000,0x00000000c5f11d00,0x00000000c6ec0000)
}

Deoptimization events (0 events):
No events

Internal exceptions (6 events):
Event: 0.022 Thread 0x0000000001dad800 Threw 0x00000000ee4061a8 at C:\jdk7u2_64p\jdk7u17\hotspot\src\share\vm\prims\jni.cpp:3994
Event: 0.053 Thread 0x0000000001dad800 Threw 0x00000000ee44c668 at C:\jdk7u2_64p\jdk7u17\hotspot\src\share\vm\prims\jvm.cpp:1166
Event: 0.064 Thread 0x0000000001dad800 Threw 0x00000000ee457740 at C:\jdk7u2_64p\jdk7u17\hotspot\src\share\vm\prims\jni.cpp:716
Event: 0.105 Thread 0x0000000001dad800 Threw 0x00000000ee487c18 at C:\jdk7u2_64p\jdk7u17\hotspot\src\share\vm\prims\jni.cpp:716
Event: 0.127 Thread 0x0000000001dad800 Threw 0x00000000ee5136a0 at C:\jdk7u2_64p\jdk7u17\hotspot\src\share\vm\prims\jvm.cpp:1166
Event: 0.128 Thread 0x0000000001dad800 Threw 0x00000000ee514ea8 at C:\jdk7u2_64p\jdk7u17\hotspot\src\share\vm\prims\jvm.cpp:1166

Events (10 events):
Event: 0.148 loading class 0x0000000007b4c440
Event: 0.148 loading class 0x0000000007b4c440 done
Event: 0.150 Executing VM operation: ParallelGCFailedAllocation
Event: 0.185 Executing VM operation: ParallelGCFailedAllocation done
Event: 0.195 Executing VM operation: ParallelGCFailedAllocation
Event: 0.241 Executing VM operation: ParallelGCFailedAllocation done
Event: 0.247 Executing VM operation: ParallelGCFailedAllocation
Event: 0.298 Executing VM operation: ParallelGCFailedAllocation done
Event: 0.312 Executing VM operation: ParallelGCFailedAllocation
Event: 0.398 Executing VM operation: ParallelGCFailedAllocation done


Dynamic libraries:
0x000007f6d3e80000 - 0x000007f6d3eb3000 	C:\Program Files\Java\jre7\bin\javaw.exe
0x000007f908d70000 - 0x000007f908f2e000 	C:\Windows\SYSTEM32\ntdll.dll
0x000007f907cb0000 - 0x000007f907de6000 	C:\Windows\system32\KERNEL32.DLL
0x000007f905db0000 - 0x000007f905ea3000 	C:\Windows\system32\KERNELBASE.dll
0x000007f908c90000 - 0x000007f908d6e000 	C:\Windows\system32\ADVAPI32.dll
0x000007f9087c0000 - 0x000007f90890c000 	C:\Windows\system32\USER32.dll
0x000007f902b60000 - 0x000007f902dc9000 	C:\Windows\WinSxS\amd64_microsoft.windows.common-controls_6595b64144ccf1df_6.0.9200.16384_none_418c2a697189c07f\COMCTL32.dll
0x000007f907b90000 - 0x000007f907c35000 	C:\Windows\system32\msvcrt.dll
0x000007f908920000 - 0x000007f908968000 	C:\Windows\SYSTEM32\sechost.dll
0x000007f9075c0000 - 0x000007f907700000 	C:\Windows\system32\RPCRT4.dll
0x000007f907e50000 - 0x000007f907f90000 	C:\Windows\system32\GDI32.dll
0x000007f907580000 - 0x000007f9075b9000 	C:\Windows\system32\IMM32.DLL
0x000007f906170000 - 0x000007f906285000 	C:\Windows\system32\MSCTF.dll
0x00000000643e0000 - 0x00000000644b1000 	C:\Program Files\Java\jre7\bin\msvcr100.dll
0x0000000063cc0000 - 0x00000000643df000 	C:\Program Files\Java\jre7\bin\server\jvm.dll
0x000007f903ea0000 - 0x000007f903ea9000 	C:\Windows\SYSTEM32\WSOCK32.dll
0x000007f902a10000 - 0x000007f902a30000 	C:\Windows\SYSTEM32\WINMM.dll
0x000007f907f90000 - 0x000007f907f97000 	C:\Windows\system32\PSAPI.DLL
0x000007f907df0000 - 0x000007f907e48000 	C:\Windows\system32\WS2_32.dll
0x000007f902960000 - 0x000007f902992000 	C:\Windows\SYSTEM32\WINMMBASE.dll
0x000007f907ca0000 - 0x000007f907ca9000 	C:\Windows\system32\NSI.dll
0x0000000063cb0000 - 0x0000000063cbf000 	C:\Program Files\Java\jre7\bin\verify.dll
0x0000000063c80000 - 0x0000000063ca8000 	C:\Program Files\Java\jre7\bin\java.dll
0x0000000063c60000 - 0x0000000063c75000 	C:\Program Files\Java\jre7\bin\zip.dll
0x0000000063ac0000 - 0x0000000063c53000 	C:\Program Files\Java\jre7\bin\awt.dll
0x000007f908bc0000 - 0x000007f908c83000 	C:\Windows\system32\OLEAUT32.dll
0x000007f908330000 - 0x000007f9084e0000 	C:\Windows\system32\combase.dll
0x000007f8ff680000 - 0x000007f8ff71f000 	C:\Windows\system32\apphelp.dll
0x000007f904a90000 - 0x000007f904b76000 	C:\Windows\system32\uxtheme.dll
0x000007f903680000 - 0x000007f9036a1000 	C:\Windows\SYSTEM32\dwmapi.dll
0x000007f908a40000 - 0x000007f908bbe000 	C:\Windows\system32\ole32.dll
0x000007f905a70000 - 0x000007f905a7a000 	C:\Windows\SYSTEM32\CRYPTBASE.dll
0x000007f905a10000 - 0x000007f905a6c000 	C:\Windows\SYSTEM32\bcryptPrimitives.dll
0x000007f906290000 - 0x000007f907578000 	C:\Windows\system32\SHELL32.dll
0x000007f907c40000 - 0x000007f907c90000 	C:\Windows\system32\SHLWAPI.dll
0x000007f903880000 - 0x000007f903916000 	C:\Windows\SYSTEM32\shcore.dll

VM Arguments:
jvm_args: -Dfile.encoding=UTF-8 
java_command: Main.runner
Launcher Type: SUN_STANDARD

Environment Variables:
PATH=C:/Users/Brandon/AppData/Local/Aptana Studio 3/jre/bin/client;C:/Users/Brandon/AppData/Local/Aptana Studio 3/jre/bin;C:/Users/Brandon/AppData/Local/Aptana Studio 3/jre/lib/i386;C:\Windows\system32;C:\Windows;C:\Windows\System32\Wbem;C:\Windows\System32\WindowsPowerShell\v1.0\;c:\Program Files (x86)\Microsoft SQL Server\100\Tools\Binn\;c:\Program Files\Microsoft SQL Server\100\Tools\Binn\;c:\Program Files\Microsoft SQL Server\100\DTS\Binn\;C:\Program Files\TortoiseSVN\bin;C:\Program Files\MiKTeX 2.9\miktex\bin\x64\;C:\ProgramData\Microsoft\Windows\Start Menu\Programs\Aptana;
USERNAME=Brandon
OS=Windows_NT
PROCESSOR_IDENTIFIER=Intel64 Family 6 Model 42 Stepping 7, GenuineIntel



---------------  S Y S T E M  ---------------

OS: Windows 8 , 64 bit Build 9200 

CPU:total 4 (2 cores per cpu, 2 threads per core) family 6 model 42 stepping 7, cmov, cx8, fxsr, mmx, sse, sse2, sse3, ssse3, sse4.1, sse4.2, popcnt, avx, ht, tsc, tscinvbit

Memory: 4k page, physical 3488348k(512000k free), swap 13974108k(5120k free)

vm_info: Java HotSpot(TM) 64-Bit Server VM (23.7-b01) for windows-amd64 JRE (1.7.0_17-b02), built on Mar  1 2013 03:38:30 by "java_re" with unknown MS VC++:1600

time: Wed Apr 17 14:14:29 2013
elapsed time: 0 seconds

